<?xml version="1.0" encoding="UTF-8"?>
<!-- Generated by org.testng.reporters.JUnitReportReporter -->
<testsuite skipped="0" hostname="DESKTOP-V7LO711" name="TestClass" tests="2" failures="0" timestamp="2022-11-04T22:28:02 IST" time="90.769" errors="0">
  <testcase name="testReleaseDate" time="56.324" classname="TestClass"/>
  <system-out/>
  <testcase name="testCountry" time="34.445" classname="TestClass"/>
  <system-out/>
</testsuite> <!-- TestClass -->
